<?xml version="1.0" encoding="UTF-8"?>
<!-- Generated by org.testng.reporters.JUnitReportReporter -->
<testsuite hostname="MAVBCP2226" failures="0" tests="4" name="com.testcases.CalculatorTests" time="9.797" errors="0" timestamp="2022-01-13T11:24:58 IST" skipped="0">
  <testcase classname="com.testcases.CalculatorTests" name="sumTest" time="2.882"/>
  <system-out/>
  <testcase classname="com.testcases.CalculatorTests" name="subTest" time="2.436"/>
  <system-out/>
  <testcase classname="com.testcases.CalculatorTests" name="mulTest" time="2.224"/>
  <system-out/>
  <testcase classname="com.testcases.CalculatorTests" name="divTest" time="2.255"/>
  <system-out/>
</testsuite> <!-- com.testcases.CalculatorTests -->
